<?xml version="1.0" encoding="UTF-8"?>
<!-- Generated by org.testng.reporters.JUnitReportReporter -->
<testsuite hostname="DESKTOP-O6V9D41" failures="0" tests="1" name="com.vms.testscript.TaskCreation" time="65.349" errors="0" timestamp="2024-02-15T17:07:59 IST" skipped="0">
  <testcase classname="com.vms.testscript.TaskCreation" name="taskRsister" time="65.349">
    <system-out>
      <![CDATA[task register]]>
    </system-out>
  </testcase> <!-- taskRsister -->
  <system-out>
    <![CDATA[openBrowser
login
task register
logout
closeBrowser]]>
  </system-out>
</testsuite> <!-- com.vms.testscript.TaskCreation -->
