<?xml version="1.0" encoding="UTF-8"?>
<testng-results ignored="0" total="1" passed="1" failed="0" skipped="0">
  <reporter-output>
    <line>
      <![CDATA[openBrowser]]>
    </line>
    <line>
      <![CDATA[login]]>
    </line>
    <line>
      <![CDATA[task register]]>
    </line>
    <line>
      <![CDATA[logout]]>
    </line>
    <line>
      <![CDATA[closeBrowser]]>
    </line>
  </reporter-output>
  <suite started-at="2024-02-22T15:37:22 IST" name="Default suite" finished-at="2024-02-22T15:38:54 IST" duration-ms="91838">
    <groups>
    </groups>
    <test started-at="2024-02-22T15:37:22 IST" name="Default test" finished-at="2024-02-22T15:38:54 IST" duration-ms="91838">
      <class name="com.vms.testscript.TaskCreation">
        <test-method is-config="true" signature="openBrowser()[pri:0, instance:com.vms.testscript.TaskCreation@702657cc]" started-at="2024-02-22T15:37:22 IST" name="openBrowser" finished-at="2024-02-22T15:37:42 IST" duration-ms="19895" status="PASS">
          <reporter-output>
            <line>
              <![CDATA[openBrowser]]>
            </line>
          </reporter-output>
        </test-method> <!-- openBrowser -->
        <test-method is-config="true" signature="login()[pri:0, instance:com.vms.testscript.TaskCreation@702657cc]" started-at="2024-02-22T15:37:42 IST" name="login" finished-at="2024-02-22T15:37:47 IST" duration-ms="5273" status="PASS">
          <reporter-output>
            <line>
              <![CDATA[login]]>
            </line>
          </reporter-output>
        </test-method> <!-- login -->
        <test-method signature="taskRsister()[pri:0, instance:com.vms.testscript.TaskCreation@702657cc]" started-at="2024-02-22T15:37:47 IST" name="taskRsister" finished-at="2024-02-22T15:38:45 IST" duration-ms="58090" status="PASS">
          <reporter-output>
            <line>
              <![CDATA[task register]]>
            </line>
          </reporter-output>
        </test-method> <!-- taskRsister -->
        <test-method is-config="true" signature="logout()[pri:0, instance:com.vms.testscript.TaskCreation@702657cc]" started-at="2024-02-22T15:38:45 IST" name="logout" finished-at="2024-02-22T15:38:53 IST" duration-ms="8188" status="PASS">
          <reporter-output>
            <line>
              <![CDATA[logout]]>
            </line>
          </reporter-output>
        </test-method> <!-- logout -->
        <test-method is-config="true" signature="closeBrowser()[pri:0, instance:com.vms.testscript.TaskCreation@702657cc]" started-at="2024-02-22T15:38:53 IST" name="closeBrowser" finished-at="2024-02-22T15:38:54 IST" duration-ms="344" status="PASS">
          <reporter-output>
            <line>
              <![CDATA[closeBrowser]]>
            </line>
          </reporter-output>
        </test-method> <!-- closeBrowser -->
      </class> <!-- com.vms.testscript.TaskCreation -->
    </test> <!-- Default test -->
  </suite> <!-- Default suite -->
</testng-results>
