<?xml version="1.0" encoding="UTF-8"?>
<testng-results ignored="0" total="1" passed="1" failed="0" skipped="0">
  <reporter-output>
    <line>
      <![CDATA[openBrowser]]>
    </line>
    <line>
      <![CDATA[login]]>
    </line>
    <line>
      <![CDATA[task register]]>
    </line>
    <line>
      <![CDATA[logout]]>
    </line>
    <line>
      <![CDATA[closeBrowser]]>
    </line>
  </reporter-output>
  <suite started-at="2024-02-15T17:06:34 IST" name="Default suite" finished-at="2024-02-15T17:07:59 IST" duration-ms="85192">
    <groups>
    </groups>
    <test started-at="2024-02-15T17:06:34 IST" name="Default test" finished-at="2024-02-15T17:07:59 IST" duration-ms="85192">
      <class name="com.vms.testscript.TaskCreation">
        <test-method is-config="true" signature="openBrowser()[pri:0, instance:com.vms.testscript.TaskCreation@408d971b]" started-at="2024-02-15T17:06:34 IST" name="openBrowser" finished-at="2024-02-15T17:06:53 IST" duration-ms="19507" status="PASS">
          <reporter-output>
            <line>
              <![CDATA[openBrowser]]>
            </line>
          </reporter-output>
        </test-method> <!-- openBrowser -->
        <test-method is-config="true" signature="login()[pri:0, instance:com.vms.testscript.TaskCreation@408d971b]" started-at="2024-02-15T17:06:53 IST" name="login" finished-at="2024-02-15T17:06:59 IST" duration-ms="5301" status="PASS">
          <reporter-output>
            <line>
              <![CDATA[login]]>
            </line>
          </reporter-output>
        </test-method> <!-- login -->
        <test-method signature="taskRsister()[pri:0, instance:com.vms.testscript.TaskCreation@408d971b]" started-at="2024-02-15T17:06:59 IST" name="taskRsister" finished-at="2024-02-15T17:07:51 IST" duration-ms="51924" status="PASS">
          <reporter-output>
            <line>
              <![CDATA[task register]]>
            </line>
          </reporter-output>
        </test-method> <!-- taskRsister -->
        <test-method is-config="true" signature="logout()[pri:0, instance:com.vms.testscript.TaskCreation@408d971b]" started-at="2024-02-15T17:07:51 IST" name="logout" finished-at="2024-02-15T17:07:59 IST" duration-ms="8124" status="PASS">
          <reporter-output>
            <line>
              <![CDATA[logout]]>
            </line>
          </reporter-output>
        </test-method> <!-- logout -->
        <test-method is-config="true" signature="closeBrowser()[pri:0, instance:com.vms.testscript.TaskCreation@408d971b]" started-at="2024-02-15T17:07:59 IST" name="closeBrowser" finished-at="2024-02-15T17:07:59 IST" duration-ms="296" status="PASS">
          <reporter-output>
            <line>
              <![CDATA[closeBrowser]]>
            </line>
          </reporter-output>
        </test-method> <!-- closeBrowser -->
      </class> <!-- com.vms.testscript.TaskCreation -->
    </test> <!-- Default test -->
  </suite> <!-- Default suite -->
</testng-results>
